<?xml version="1.0" encoding="UTF-8"?>
<!-- Generated by org.testng.reporters.JUnitReportReporter -->
<testsuite skipped="0" hostname="D1NMFKX1" name="DriverFactory.DriverScript" tests="1" failures="0" timestamp="25 Nov 2018 13:38:43 GMT" time="45.821" errors="0">
  <testcase name="startTest" time="45.821" classname="DriverFactory.DriverScript"/>
</testsuite> <!-- DriverFactory.DriverScript -->
